Build started 03/05/2015 15:27:07.
     1>Project "D:\InitialMPIproject\InitialMPIproject\Initial\Initial.vcxproj" on node 2 (build target(s)).
     1>InitializeBuildStatus:
         Creating "x64\Debug\Initial.unsuccessfulbuild" because "AlwaysCreate" was specified.
       ClCompile:
         C:\Program Files (x86)\Microsoft Visual Studio 10.0\VC\bin\x86_amd64\CL.exe /c /I"C:\Program Files\MPICH2\include" /Zi /nologo /W3 /WX- /Od /D WIN32 /D _DEBUG /D _CONSOLE /D _UNICODE /D UNICODE /Gm /EHsc /RTC1 /MDd /GS /fp:precise /Zc:wchar_t /Zc:forScope /Fo"x64\Debug\\" /Fd"x64\Debug\vc100.pdb" /Gd /TP /errorReport:prompt icpi.cpp
         icpi.cpp
     1>icpi.cpp(118): warning C4258: 'i' : definition from the for loop is ignored; the definition from the enclosing scope is used
                 icpi.cpp(99) : definition of 'i' ignored
                 icpi.cpp(22) : definition of 'i' used
     1>icpi.cpp(118): warning C4258: 'i' : definition from the for loop is ignored; the definition from the enclosing scope is used
                 icpi.cpp(99) : definition of 'i' ignored
                 icpi.cpp(22) : definition of 'i' used
     1>icpi.cpp(118): warning C4258: 'i' : definition from the for loop is ignored; the definition from the enclosing scope is used
                 icpi.cpp(99) : definition of 'i' ignored
                 icpi.cpp(22) : definition of 'i' used
     1>icpi.cpp(119): warning C4258: 'i' : definition from the for loop is ignored; the definition from the enclosing scope is used
                 icpi.cpp(99) : definition of 'i' ignored
                 icpi.cpp(22) : definition of 'i' used
     1>icpi.cpp(119): warning C4258: 'i' : definition from the for loop is ignored; the definition from the enclosing scope is used
                 icpi.cpp(99) : definition of 'i' ignored
                 icpi.cpp(22) : definition of 'i' used
     1>icpi.cpp(120): warning C4258: 'i' : definition from the for loop is ignored; the definition from the enclosing scope is used
                 icpi.cpp(99) : definition of 'i' ignored
                 icpi.cpp(22) : definition of 'i' used
     1>icpi.cpp(120): warning C4258: 'i' : definition from the for loop is ignored; the definition from the enclosing scope is used
                 icpi.cpp(99) : definition of 'i' ignored
                 icpi.cpp(22) : definition of 'i' used
     1>icpi.cpp(121): warning C4258: 'i' : definition from the for loop is ignored; the definition from the enclosing scope is used
                 icpi.cpp(99) : definition of 'i' ignored
                 icpi.cpp(22) : definition of 'i' used
     1>icpi.cpp(122): warning C4258: 'i' : definition from the for loop is ignored; the definition from the enclosing scope is used
                 icpi.cpp(99) : definition of 'i' ignored
                 icpi.cpp(22) : definition of 'i' used
     1>icpi.cpp(122): warning C4258: 'i' : definition from the for loop is ignored; the definition from the enclosing scope is used
                 icpi.cpp(99) : definition of 'i' ignored
                 icpi.cpp(22) : definition of 'i' used
     1>icpi.cpp(123): warning C4258: 'i' : definition from the for loop is ignored; the definition from the enclosing scope is used
                 icpi.cpp(99) : definition of 'i' ignored
                 icpi.cpp(22) : definition of 'i' used
     1>icpi.cpp(126): warning C4258: 'i' : definition from the for loop is ignored; the definition from the enclosing scope is used
                 icpi.cpp(99) : definition of 'i' ignored
                 icpi.cpp(22) : definition of 'i' used
     1>icpi.cpp(126): warning C4258: 'i' : definition from the for loop is ignored; the definition from the enclosing scope is used
                 icpi.cpp(99) : definition of 'i' ignored
                 icpi.cpp(22) : definition of 'i' used
     1>icpi.cpp(126): warning C4258: 'i' : definition from the for loop is ignored; the definition from the enclosing scope is used
                 icpi.cpp(99) : definition of 'i' ignored
                 icpi.cpp(22) : definition of 'i' used
     1>icpi.cpp(152): warning C4258: 'i' : definition from the for loop is ignored; the definition from the enclosing scope is used
                 icpi.cpp(99) : definition of 'i' ignored
                 icpi.cpp(22) : definition of 'i' used
     1>icpi.cpp(152): warning C4258: 'i' : definition from the for loop is ignored; the definition from the enclosing scope is used
                 icpi.cpp(99) : definition of 'i' ignored
                 icpi.cpp(22) : definition of 'i' used
     1>icpi.cpp(152): warning C4258: 'i' : definition from the for loop is ignored; the definition from the enclosing scope is used
                 icpi.cpp(99) : definition of 'i' ignored
                 icpi.cpp(22) : definition of 'i' used
     1>icpi.cpp(153): warning C4258: 'i' : definition from the for loop is ignored; the definition from the enclosing scope is used
                 icpi.cpp(99) : definition of 'i' ignored
                 icpi.cpp(22) : definition of 'i' used
     1>icpi.cpp(170): warning C4258: 'i' : definition from the for loop is ignored; the definition from the enclosing scope is used
                 icpi.cpp(99) : definition of 'i' ignored
                 icpi.cpp(22) : definition of 'i' used
     1>icpi.cpp(171): warning C4258: 'i' : definition from the for loop is ignored; the definition from the enclosing scope is used
                 icpi.cpp(99) : definition of 'i' ignored
                 icpi.cpp(22) : definition of 'i' used
     1>icpi.cpp(173): warning C4258: 'i' : definition from the for loop is ignored; the definition from the enclosing scope is used
                 icpi.cpp(99) : definition of 'i' ignored
                 icpi.cpp(22) : definition of 'i' used
     1>icpi.cpp(174): warning C4258: 'i' : definition from the for loop is ignored; the definition from the enclosing scope is used
                 icpi.cpp(99) : definition of 'i' ignored
                 icpi.cpp(22) : definition of 'i' used
     1>icpi.cpp(22): warning C4101: 'cols' : unreferenced local variable
     1>icpi.cpp(18): warning C4101: 'slaveObserv' : unreferenced local variable
     1>icpi.cpp(22): warning C4101: 'rows' : unreferenced local variable
     1>icpi.cpp(22): warning C4101: 'parent' : unreferenced local variable
     1>icpi.cpp(17): warning C4101: 'sum' : unreferenced local variable
     1>icpi.cpp(15): warning C4101: 'trellis' : unreferenced local variable
     1>icpi.cpp(22): warning C4101: 'newPath' : unreferenced local variable
     1>icpi.cpp(17): warning C4101: 'number' : unreferenced local variable
     1>icpi.cpp(318): warning C4101: 'tid' : unreferenced local variable
     1>icpi.cpp(320): warning C4101: 'observNum' : unreferenced local variable
     1>icpi.cpp(369): warning C4244: '+=' : conversion from 'float' to 'int', possible loss of data
     1>icpi.cpp(485): warning C4101: 'a' : unreferenced local variable
     1>icpi.cpp(485): warning C4101: 'b' : unreferenced local variable
     1>icpi.cpp(485): warning C4101: 'c' : unreferenced local variable
     1>icpi.cpp(545): warning C4996: 'fopen': This function or variable may be unsafe. Consider using fopen_s instead. To disable deprecation, use _CRT_SECURE_NO_WARNINGS. See online help for details.
                 C:\Program Files (x86)\Microsoft Visual Studio 10.0\VC\include\stdio.h(234) : see declaration of 'fopen'
     1>icpi.cpp(555): warning C4996: 'fscanf': This function or variable may be unsafe. Consider using fscanf_s instead. To disable deprecation, use _CRT_SECURE_NO_WARNINGS. See online help for details.
                 C:\Program Files (x86)\Microsoft Visual Studio 10.0\VC\include\stdio.h(253) : see declaration of 'fscanf'
     1>icpi.cpp(566): warning C4996: 'fopen': This function or variable may be unsafe. Consider using fopen_s instead. To disable deprecation, use _CRT_SECURE_NO_WARNINGS. See online help for details.
                 C:\Program Files (x86)\Microsoft Visual Studio 10.0\VC\include\stdio.h(234) : see declaration of 'fopen'
     1>icpi.cpp(598): warning C4996: 'fopen': This function or variable may be unsafe. Consider using fopen_s instead. To disable deprecation, use _CRT_SECURE_NO_WARNINGS. See online help for details.
                 C:\Program Files (x86)\Microsoft Visual Studio 10.0\VC\include\stdio.h(234) : see declaration of 'fopen'
     1>icpi.cpp(610): warning C4996: 'fscanf': This function or variable may be unsafe. Consider using fscanf_s instead. To disable deprecation, use _CRT_SECURE_NO_WARNINGS. See online help for details.
                 C:\Program Files (x86)\Microsoft Visual Studio 10.0\VC\include\stdio.h(253) : see declaration of 'fscanf'
       ManifestResourceCompile:
         All outputs are up-to-date.
       Link:
         C:\Program Files (x86)\Microsoft Visual Studio 10.0\VC\bin\x86_amd64\link.exe /ERRORREPORT:PROMPT /OUT:"D:\InitialMPIproject\InitialMPIproject\x64\Debug\Initial.exe" /INCREMENTAL /NOLOGO /LIBPATH:"C:\Program Files\MPICH2\lib" mpi.lib kernel32.lib user32.lib gdi32.lib winspool.lib comdlg32.lib advapi32.lib shell32.lib ole32.lib oleaut32.lib uuid.lib odbc32.lib odbccp32.lib /MANIFEST /ManifestFile:"x64\Debug\Initial.exe.intermediate.manifest" /MANIFESTUAC:"level='asInvoker' uiAccess='false'" /DEBUG /PDB:"D:\InitialMPIproject\InitialMPIproject\x64\Debug\Initial.pdb" /SUBSYSTEM:CONSOLE /TLBID:1 /DYNAMICBASE /NXCOMPAT /IMPLIB:"D:\InitialMPIproject\InitialMPIproject\x64\Debug\Initial.lib" /MACHINE:X64 x64\Debug\Initial.exe.embed.manifest.res
         x64\Debug\icpi.obj
         Initial.vcxproj -> D:\InitialMPIproject\InitialMPIproject\x64\Debug\Initial.exe
       Manifest:
         C:\Program Files (x86)\Microsoft SDKs\Windows\v7.0A\bin\mt.exe /nologo /verbose /out:"x64\Debug\Initial.exe.embed.manifest" /manifest x64\Debug\Initial.exe.intermediate.manifest
         All outputs are up-to-date.
       LinkEmbedManifest:
         All outputs are up-to-date.
         Initial.vcxproj -> D:\InitialMPIproject\InitialMPIproject\x64\Debug\Initial.exe
       FinalizeBuildStatus:
         Deleting file "x64\Debug\Initial.unsuccessfulbuild".
         Touching "x64\Debug\Initial.lastbuildstate".
     1>Done Building Project "D:\InitialMPIproject\InitialMPIproject\Initial\Initial.vcxproj" (build target(s)).

Build succeeded.

Time Elapsed 00:00:01.50
