D:\InitialMPIproject\InitialMPIproject\Initial\x64\Debug\cl.command.1.tlog
D:\InitialMPIproject\InitialMPIproject\Initial\x64\Debug\CL.read.1.tlog
D:\InitialMPIproject\InitialMPIproject\Initial\x64\Debug\CL.write.1.tlog
D:\INITIALMPIPROJECT\INITIALMPIPROJECT\INITIAL\X64\DEBUG\ICPI.OBJ
D:\INITIALMPIPROJECT\INITIALMPIPROJECT\INITIAL\X64\DEBUG\INITIAL.EXE.EMBED.MANIFEST
D:\INITIALMPIPROJECT\INITIALMPIPROJECT\INITIAL\X64\DEBUG\INITIAL.EXE.EMBED.MANIFEST.RES
D:\InitialMPIproject\InitialMPIproject\Initial\x64\Debug\Initial.exe.intermediate.manifest
D:\InitialMPIproject\InitialMPIproject\Initial\x64\Debug\Initial.write.1.tlog
D:\InitialMPIproject\InitialMPIproject\Initial\x64\Debug\Initial_manifest.rc
D:\InitialMPIproject\InitialMPIproject\Initial\x64\Debug\link.6236.read.1.tlog
D:\InitialMPIproject\InitialMPIproject\Initial\x64\Debug\link.6236.write.1.tlog
D:\InitialMPIproject\InitialMPIproject\Initial\x64\Debug\link.6236-cvtres.read.1.tlog
D:\InitialMPIproject\InitialMPIproject\Initial\x64\Debug\link.6236-cvtres.write.1.tlog
D:\InitialMPIproject\InitialMPIproject\Initial\x64\Debug\link.command.1.tlog
D:\InitialMPIproject\InitialMPIproject\Initial\x64\Debug\link.read.1.tlog
D:\InitialMPIproject\InitialMPIproject\Initial\x64\Debug\link.write.1.tlog
D:\InitialMPIproject\InitialMPIproject\Initial\x64\Debug\link-cvtres.read.1.tlog
D:\InitialMPIproject\InitialMPIproject\Initial\x64\Debug\link-cvtres.write.1.tlog
D:\InitialMPIproject\InitialMPIproject\Initial\x64\Debug\mt.command.1.tlog
D:\InitialMPIproject\InitialMPIproject\Initial\x64\Debug\mt.read.1.tlog
D:\InitialMPIproject\InitialMPIproject\Initial\x64\Debug\mt.write.1.tlog
D:\InitialMPIproject\InitialMPIproject\Initial\x64\Debug\rc.command.1.tlog
D:\InitialMPIproject\InitialMPIproject\Initial\x64\Debug\rc.read.1.tlog
D:\InitialMPIproject\InitialMPIproject\Initial\x64\Debug\rc.write.1.tlog
D:\InitialMPIproject\InitialMPIproject\Initial\x64\Debug\vc100.idb
D:\INITIALMPIPROJECT\INITIALMPIPROJECT\INITIAL\X64\DEBUG\VC100.PDB
D:\InitialMPIproject\InitialMPIproject\x64\Debug\Initial.exe
D:\InitialMPIproject\InitialMPIproject\x64\Debug\Initial.ilk
D:\InitialMPIproject\InitialMPIproject\x64\Debug\Initial.pdb
